current time:2023-08-14 07:42:21.368365053 +0700 WIB m=+0.005277138
current time:2023-08-22 16:32:01.94360978 +0700 WIB m=+0.006449304
current time:2023-08-26 15:19:37.931262015 +0700 WIB m=+0.006861232
current time:2023-08-26 15:20:44.967618472 +0700 WIB m=+0.006669438
current time:2023-08-26 15:20:55.20740346 +0700 WIB m=+0.006912885
current time:2023-08-26 15:23:39.595055308 +0700 WIB m=+0.007502375
current time:2023-08-26 15:27:11.507885821 +0700 WIB m=+0.007080109
current time:2023-08-26 15:36:05.501344856 +0700 WIB m=+0.006842370
current time:2023-08-26 15:36:34.469456841 +0700 WIB m=+0.006871508
current time:2023-08-26 15:38:07.317573766 +0700 WIB m=+0.006772415
current time:2023-08-26 15:38:31.995943798 +0700 WIB m=+0.006813161
current time:2023-08-26 15:39:08.049467739 +0700 WIB m=+0.006500318
current time:2023-08-26 15:39:12.111785457 +0700 WIB m=+0.006688210
current time:2023-08-26 15:40:20.951038112 +0700 WIB m=+0.006911609
current time:2023-08-26 15:43:00.645105416 +0700 WIB m=+0.006618645
current time:2023-08-26 15:54:50.177508296 +0700 WIB m=+0.006809136
{"timestamp":"2023-08-26T08:54:52Z","message":"Successfully get production factory","severity":"INFO","context":{"data":{"platform":null,"platformType":null,"requestId":null,"version":null}}}
current time:2023-08-26 15:55:31.224112462 +0700 WIB m=+0.006474502
{"timestamp":"2023-08-26T08:55:40Z","message":"Successfully get production factory","severity":"INFO","context":{"data":{"platform":null,"platformType":null,"requestId":null,"version":null}}}
current time:2023-08-26 15:56:46.862119067 +0700 WIB m=+0.006793368
{"timestamp":"2023-08-26T08:56:53Z","message":"Successfully get production factory","severity":"INFO","context":{"data":{"platform":null,"platformType":null,"requestId":null,"version":null}}}
current time:2023-08-26 16:03:49.807086384 +0700 WIB m=+0.007291928
current time:2023-08-26 16:05:05.540978213 +0700 WIB m=+0.007215905
current time:2023-08-26 16:58:38.926528391 +0700 WIB m=+0.008290757
{"timestamp":"2023-08-26T09:58:38Z","serviceContext":{},"message":"dial tcp: lookup port=0: no such host","severity":"CRITICAL","context":{"data":{"platform":null,"platformType":null,"requestId":null,"version":null},"reportLocation":{"filePath":"github.com/mochammadshenna/aplikasi-po/util/logger/logger.go","lineNumber":214,"functionName":"Fatal"}}}
current time:2023-08-26 16:58:56.57914351 +0700 WIB m=+0.007064342
{"timestamp":"2023-08-26T09:58:56Z","serviceContext":{},"message":"dial tcp: lookup port=0: no such host","severity":"CRITICAL","context":{"data":{"platform":null,"platformType":null,"requestId":null,"version":null},"reportLocation":{"filePath":"github.com/mochammadshenna/aplikasi-po/util/logger/logger.go","lineNumber":214,"functionName":"Fatal"}}}
current time:2023-08-26 17:02:55.537724263 +0700 WIB m=+0.008000492
{"timestamp":"2023-08-26T10:02:55Z","serviceContext":{},"message":"pq: password authentication failed for user \"posgtres\"","severity":"CRITICAL","context":{"data":{"platform":null,"platformType":null,"requestId":null,"version":null},"reportLocation":{"filePath":"github.com/mochammadshenna/aplikasi-po/util/logger/logger.go","lineNumber":214,"functionName":"Fatal"}}}
current time:2023-08-26 17:03:11.289337494 +0700 WIB m=+0.007418075
{"timestamp":"2023-08-26T10:03:11Z","serviceContext":{},"message":"pq: password authentication failed for user \"posgtres\"","severity":"CRITICAL","context":{"data":{"platform":null,"platformType":null,"requestId":null,"version":null},"reportLocation":{"filePath":"github.com/mochammadshenna/aplikasi-po/util/logger/logger.go","lineNumber":214,"functionName":"Fatal"}}}
current time:2023-08-26 17:04:46.819367385 +0700 WIB m=+0.007611632
{"timestamp":"2023-08-26T10:04:46Z","serviceContext":{},"message":"pq: password authentication failed for user \"posgtres\"","severity":"CRITICAL","context":{"data":{"platform":null,"platformType":null,"requestId":null,"version":null},"reportLocation":{"filePath":"github.com/mochammadshenna/aplikasi-po/util/logger/logger.go","lineNumber":214,"functionName":"Fatal"}}}
current time:2023-08-26 17:05:09.173862688 +0700 WIB m=+0.007772614
{"timestamp":"2023-08-26T10:05:09Z","serviceContext":{},"message":"pq: password authentication failed for user \"posgtres\"","severity":"CRITICAL","context":{"data":{"platform":null,"platformType":null,"requestId":null,"version":null},"reportLocation":{"filePath":"github.com/mochammadshenna/aplikasi-po/util/logger/logger.go","lineNumber":214,"functionName":"Fatal"}}}
current time:2023-08-26 17:07:55.702839543 +0700 WIB m=+0.007532866
{"timestamp":"2023-08-26T10:07:55Z","serviceContext":{},"message":"pq: password authentication failed for user \"posgtres\"","severity":"CRITICAL","context":{"data":{"platform":null,"platformType":null,"requestId":null,"version":null},"reportLocation":{"filePath":"github.com/mochammadshenna/aplikasi-po/util/logger/logger.go","lineNumber":214,"functionName":"Fatal"}}}
current time:2023-08-26 17:08:42.25273866 +0700 WIB m=+0.007259632
current time:2023-08-26 17:09:16.411568978 +0700 WIB m=+0.007355724
current time:2023-08-26 17:09:54.971129872 +0700 WIB m=+0.007705626
current time:2023-08-26 17:11:44.285563368 +0700 WIB m=+0.007716715
current time:2023-08-26 17:12:49.967772595 +0700 WIB m=+0.008303996
current time:2023-08-26 17:13:20.387608702 +0700 WIB m=+0.007539440
{"timestamp":"2023-08-26T10:13:20Z","serviceContext":{},"message":"pq: password authentication failed for user \"posgtres\"","severity":"CRITICAL","context":{"data":{"platform":null,"platformType":null,"requestId":null,"version":null},"reportLocation":{"filePath":"github.com/mochammadshenna/aplikasi-po/util/logger/logger.go","lineNumber":214,"functionName":"Fatal"}}}
current time:2023-08-26 17:14:16.727194341 +0700 WIB m=+0.007640357
{"timestamp":"2023-08-26T10:14:16Z","serviceContext":{},"message":"pq: password authentication failed for user \"posgtres\"","severity":"CRITICAL","context":{"data":{"platform":null,"platformType":null,"requestId":null,"version":null},"reportLocation":{"filePath":"github.com/mochammadshenna/aplikasi-po/util/logger/logger.go","lineNumber":214,"functionName":"Fatal"}}}
current time:2023-08-26 17:14:37.364978125 +0700 WIB m=+0.007316838
{"timestamp":"2023-08-26T10:14:37Z","serviceContext":{},"message":"pq: password authentication failed for user \"posgtres\"","severity":"CRITICAL","context":{"data":{"platform":null,"platformType":null,"requestId":null,"version":null},"reportLocation":{"filePath":"github.com/mochammadshenna/aplikasi-po/util/logger/logger.go","lineNumber":214,"functionName":"Fatal"}}}
current time:2023-08-26 17:15:03.540440633 +0700 WIB m=+0.007094250
{"timestamp":"2023-08-26T10:15:03Z","serviceContext":{},"message":"pq: password authentication failed for user \"posgtres\"","severity":"CRITICAL","context":{"data":{"platform":null,"platformType":null,"requestId":null,"version":null},"reportLocation":{"filePath":"github.com/mochammadshenna/aplikasi-po/util/logger/logger.go","lineNumber":214,"functionName":"Fatal"}}}
current time:2023-08-26 17:16:01.240124611 +0700 WIB m=+0.007594007
{"timestamp":"2023-08-26T10:16:01Z","serviceContext":{},"message":"pq: password authentication failed for user \"root\"","severity":"CRITICAL","context":{"data":{"platform":null,"platformType":null,"requestId":null,"version":null},"reportLocation":{"filePath":"github.com/mochammadshenna/aplikasi-po/util/logger/logger.go","lineNumber":214,"functionName":"Fatal"}}}
current time:2023-08-26 17:16:25.318666331 +0700 WIB m=+0.007617603
current time:2023-08-26 17:17:08.205138005 +0700 WIB m=+0.007262887
{"timestamp":"2023-08-26T10:17:08Z","serviceContext":{},"message":"pq: password authentication failed for user \"posgtres\"","severity":"CRITICAL","context":{"data":{"platform":null,"platformType":null,"requestId":null,"version":null},"reportLocation":{"filePath":"github.com/mochammadshenna/aplikasi-po/util/logger/logger.go","lineNumber":214,"functionName":"Fatal"}}}
current time:2023-08-26 17:17:38.362509188 +0700 WIB m=+0.007743652
{"timestamp":"2023-08-26T10:17:38Z","serviceContext":{},"message":"pq: password authentication failed for user \"posgtres\"","severity":"CRITICAL","context":{"data":{"platform":null,"platformType":null,"requestId":null,"version":null},"reportLocation":{"filePath":"github.com/mochammadshenna/aplikasi-po/util/logger/logger.go","lineNumber":214,"functionName":"Fatal"}}}
current time:2023-08-26 17:18:31.230807262 +0700 WIB m=+0.007552004
{"timestamp":"2023-08-26T10:18:31Z","serviceContext":{},"message":"pq: password authentication failed for user \"posgtres\"","severity":"CRITICAL","context":{"data":{"platform":null,"platformType":null,"requestId":null,"version":null},"reportLocation":{"filePath":"github.com/mochammadshenna/aplikasi-po/util/logger/logger.go","lineNumber":214,"functionName":"Fatal"}}}
current time:2023-08-26 17:18:54.094600691 +0700 WIB m=+0.007530208
{"timestamp":"2023-08-26T10:18:54Z","serviceContext":{},"message":"pq: password authentication failed for user \"posgtres\"","severity":"CRITICAL","context":{"data":{"platform":null,"platformType":null,"requestId":null,"version":null},"reportLocation":{"filePath":"github.com/mochammadshenna/aplikasi-po/util/logger/logger.go","lineNumber":214,"functionName":"Fatal"}}}
current time:2023-08-26 17:19:27.383598142 +0700 WIB m=+0.007418760
{"timestamp":"2023-08-26T10:19:27Z","serviceContext":{},"message":"pq: password authentication failed for user \"posgtres\"","severity":"CRITICAL","context":{"data":{"platform":null,"platformType":null,"requestId":null,"version":null},"reportLocation":{"filePath":"github.com/mochammadshenna/aplikasi-po/util/logger/logger.go","lineNumber":214,"functionName":"Fatal"}}}
current time:2023-08-26 17:20:09.21658507 +0700 WIB m=+0.007909123
current time:2023-08-26 17:20:36.590988265 +0700 WIB m=+0.007287142
{"timestamp":"2023-08-26T10:20:36Z","serviceContext":{},"message":"pq: password authentication failed for user \"posgtres\"","severity":"CRITICAL","context":{"data":{"platform":null,"platformType":null,"requestId":null,"version":null},"reportLocation":{"filePath":"github.com/mochammadshenna/aplikasi-po/util/logger/logger.go","lineNumber":214,"functionName":"Fatal"}}}
current time:2023-08-26 17:20:58.964643461 +0700 WIB m=+0.007387503
current time:2023-08-26 17:21:48.315884215 +0700 WIB m=+0.007054443
{"timestamp":"2023-08-26T10:21:54Z","message":"Successfully get production factory","severity":"INFO","context":{"data":{"platform":null,"platformType":null,"requestId":null,"version":null}}}
current time:2023-08-26 17:23:33.051914164 +0700 WIB m=+0.007161954
current time:2023-08-26 17:26:46.952067987 +0700 WIB m=+0.007114370
current time:2023-08-27 17:51:53.315989795 +0700 WIB m=+0.008001167
current time:2023-08-27 17:52:07.426424867 +0700 WIB m=+0.007548696
current time:2023-08-27 17:52:24.113538324 +0700 WIB m=+0.006823264
current time:2023-08-31 10:16:19.479839391 +0700 WIB m=+0.030715313
{"timestamp":"2023-08-31T03:16:19Z","serviceContext":{},"message":"pq: database \"arbrion\" does not exist","severity":"CRITICAL","context":{"data":{"platform":null,"platformType":null,"requestId":null,"version":null},"reportLocation":{"filePath":"github.com/mochammadshenna/aplikasi-po/util/logger/logger.go","lineNumber":214,"functionName":"Fatal"}}}
current time:2023-08-31 10:16:49.087372531 +0700 WIB m=+0.014198011
current time:2023-08-31 11:07:54.644300445 +0700 WIB m=+0.006963256
current time:2023-08-31 11:07:57.058486285 +0700 WIB m=+0.007424677
current time:2023-08-31 11:40:15.233996636 +0700 WIB m=+0.007953942
current time:2023-08-31 11:45:02.031839551 +0700 WIB m=+0.101106235
current time:2023-08-31 11:59:14.259675878 +0700 WIB m=+0.057834675
current time:2023-08-31 12:03:11.72561937 +0700 WIB m=+0.007885351
current time:2023-08-31 13:03:58.48902871 +0700 WIB m=+0.008398225
current time:2023-08-31 13:21:47.883233124 +0700 WIB m=+0.007627672
{"timestamp":"2023-08-31T06:21:53Z","serviceContext":{},"message":"sql: Scan error on column index 5, name \"product_item\": json: cannot unmarshal object into Go value of type entity.ProductItems","severity":"ERROR","context":{"data":{"platform":null,"platformType":null,"requestId":null,"version":null},"reportLocation":{"filePath":"github.com/mochammadshenna/aplikasi-po/util/logger/logger.go","lineNumber":196,"functionName":"Error"}}}
{"timestamp":"2023-08-31T06:23:58Z","message":"request: {Email:indria@yopmail.com Password:admin}","severity":"INFO","context":{"data":{"platform":null,"platformType":null,"requestId":null,"version":null}}}
{"timestamp":"2023-08-31T06:24:17Z","message":"request: {Email:indria@yopmail.com Password:admin}","severity":"INFO","context":{"data":{"platform":null,"platformType":null,"requestId":null,"version":null}}}
current time:2023-08-31 13:26:17.20210275 +0700 WIB m=+0.011113683
{"timestamp":"2023-08-31T06:26:20Z","serviceContext":{},"message":"sql: Scan error on column index 5, name \"product_item\": json: cannot unmarshal object into Go value of type entity.ProductItems","severity":"ERROR","context":{"data":{"platform":null,"platformType":null,"requestId":null,"version":null},"reportLocation":{"filePath":"github.com/mochammadshenna/aplikasi-po/util/logger/logger.go","lineNumber":196,"functionName":"Error"}}}
current time:2023-08-31 13:27:37.327910208 +0700 WIB m=+0.012633114
{"timestamp":"2023-08-31T06:27:48Z","serviceContext":{},"message":"sql: Scan error on column index 5, name \"product_item\": json: cannot unmarshal object into Go value of type entity.ProductItems","severity":"ERROR","context":{"data":{"platform":null,"platformType":null,"requestId":null,"version":null},"reportLocation":{"filePath":"github.com/mochammadshenna/aplikasi-po/util/logger/logger.go","lineNumber":196,"functionName":"Error"}}}
{"timestamp":"2023-08-31T06:29:12Z","serviceContext":{},"message":"sql: Scan error on column index 5, name \"product_item\": json: cannot unmarshal object into Go value of type entity.ProductItems","severity":"ERROR","context":{"data":{"platform":null,"platformType":null,"requestId":null,"version":null},"reportLocation":{"filePath":"github.com/mochammadshenna/aplikasi-po/util/logger/logger.go","lineNumber":196,"functionName":"Error"}}}
{"timestamp":"2023-08-31T06:29:12Z","serviceContext":{},"message":"sql: Scan error on column index 5, name \"product_item\": json: cannot unmarshal object into Go value of type entity.ProductItems","severity":"ERROR","context":{"data":{"platform":null,"platformType":null,"requestId":null,"version":null},"reportLocation":{"filePath":"github.com/mochammadshenna/aplikasi-po/util/logger/logger.go","lineNumber":196,"functionName":"Error"}}}
current time:2023-08-31 13:46:53.649906838 +0700 WIB m=+0.008451050
{"timestamp":"2023-08-31T06:49:59Z","message":"Successfully get finishing factory","severity":"INFO","context":{"data":{"platform":null,"platformType":null,"requestId":null,"version":null}}}
{"timestamp":"2023-08-31T06:50:03Z","message":"Successfully get finishing factory","severity":"INFO","context":{"data":{"platform":null,"platformType":null,"requestId":null,"version":null}}}
{"timestamp":"2023-08-31T06:50:12Z","message":"Successfully get finishing factory","severity":"INFO","context":{"data":{"platform":null,"platformType":null,"requestId":null,"version":null}}}
{"timestamp":"2023-08-31T06:50:26Z","message":"Successfully get production factory","severity":"INFO","context":{"data":{"platform":null,"platformType":null,"requestId":null,"version":null}}}
{"timestamp":"2023-08-31T06:50:36Z","message":"Successfully get production factory","severity":"INFO","context":{"data":{"platform":null,"platformType":null,"requestId":null,"version":null}}}
{"timestamp":"2023-08-31T06:51:00Z","serviceContext":{},"message":"sql: Scan error on column index 5, name \"product_item\": json: cannot unmarshal object into Go value of type entity.ProductItems","severity":"ERROR","context":{"data":{"platform":null,"platformType":null,"requestId":null,"version":null},"reportLocation":{"filePath":"github.com/mochammadshenna/aplikasi-po/util/logger/logger.go","lineNumber":196,"functionName":"Error"}}}
{"timestamp":"2023-08-31T06:51:10Z","serviceContext":{},"message":"sql: Scan error on column index 5, name \"product_item\": json: cannot unmarshal object into Go value of type entity.ProductItems","severity":"ERROR","context":{"data":{"platform":null,"platformType":null,"requestId":null,"version":null},"reportLocation":{"filePath":"github.com/mochammadshenna/aplikasi-po/util/logger/logger.go","lineNumber":196,"functionName":"Error"}}}
current time:2023-08-31 13:55:52.233573836 +0700 WIB m=+0.007837381
{"timestamp":"2023-08-31T06:55:56Z","serviceContext":{},"message":"sql: Scan error on column index 5, name \"product_item\": json: cannot unmarshal object into Go value of type entity.ProductItems","severity":"ERROR","context":{"data":{"platform":null,"platformType":null,"requestId":null,"version":null},"reportLocation":{"filePath":"github.com/mochammadshenna/aplikasi-po/util/logger/logger.go","lineNumber":196,"functionName":"Error"}}}
current time:2023-08-31 13:58:11.333759635 +0700 WIB m=+0.007615210
{"timestamp":"2023-08-31T06:58:17Z","serviceContext":{},"message":"sql: Scan error on column index 5, name \"product_item\": json: cannot unmarshal object into Go value of type entity.ProductItems","severity":"ERROR","context":{"data":{"platform":null,"platformType":null,"requestId":null,"version":null},"reportLocation":{"filePath":"github.com/mochammadshenna/aplikasi-po/util/logger/logger.go","lineNumber":196,"functionName":"Error"}}}
current time:2023-08-31 13:59:43.618805744 +0700 WIB m=+0.012914865
{"timestamp":"2023-08-31T06:59:45Z","serviceContext":{},"message":"sql: Scan error on column index 5, name \"product_item\": json: cannot unmarshal object into Go value of type entity.ProductItems","severity":"ERROR","context":{"data":{"platform":null,"platformType":null,"requestId":null,"version":null},"reportLocation":{"filePath":"github.com/mochammadshenna/aplikasi-po/util/logger/logger.go","lineNumber":196,"functionName":"Error"}}}
current time:2023-08-31 14:00:48.186976329 +0700 WIB m=+0.010187154
current time:2023-08-31 14:28:55.681768055 +0700 WIB m=+0.007247117
current time:2023-08-31 14:32:40.468927802 +0700 WIB m=+0.007276161
current time:2023-08-31 14:49:56.575733119 +0700 WIB m=+0.007336386
{"timestamp":"2023-08-31T07:52:34Z","message":"Successfully get finishing factory","severity":"INFO","context":{"data":{"platform":null,"platformType":null,"requestId":null,"version":null}}}
current time:2023-09-03 17:48:12.772202547 +0700 WIB m=+0.017455716
current time:2023-09-03 17:52:32.024481735 +0700 WIB m=+0.007001820
current time:2023-09-03 17:54:00.279273986 +0700 WIB m=+0.007469253
current time:2023-09-03 17:54:49.112541839 +0700 WIB m=+0.006990956
current time:2023-09-03 17:55:37.029844139 +0700 WIB m=+0.008153978
current time:2023-09-03 17:56:11.863983614 +0700 WIB m=+0.008438076
current time:2023-09-03 18:29:17.056346339 +0700 WIB m=+0.008188596
{"timestamp":"2023-09-03T11:29:20Z","message":"request: {Email:indria@yopmail.com Password:admin}","severity":"INFO","context":{"data":{"platform":null,"platformType":null,"requestId":null,"version":null}}}
current time:2023-09-03 18:31:57.374558312 +0700 WIB m=+0.007674186
{"timestamp":"2023-09-03T11:32:02Z","message":"request: {Email:indria@yopmail.com Password:admin}","severity":"INFO","context":{"data":{"platform":null,"platformType":null,"requestId":null,"version":null}}}
current time:2023-09-03 18:44:49.487872049 +0700 WIB m=+0.007685409
{"timestamp":"2023-09-03T11:44:55Z","message":"request: {Email:indria@yopmail.com Password:admin}","severity":"INFO","context":{"data":{"platform":null,"platformType":null,"requestId":null,"version":null}}}
{"timestamp":"2023-09-03T12:00:27Z","message":"Successfully get production factory","severity":"INFO","context":{"data":{"platform":null,"platformType":null,"requestId":null,"version":null}}}
{"timestamp":"2023-09-03T12:00:29Z","message":"Successfully get finishing factory","severity":"INFO","context":{"data":{"platform":null,"platformType":null,"requestId":null,"version":null}}}
{"timestamp":"2023-09-03T12:00:32Z","message":"Successfully get production factory","severity":"INFO","context":{"data":{"platform":null,"platformType":null,"requestId":null,"version":null}}}
current time:2023-09-03 20:25:39.101907037 +0700 WIB m=+0.018948443
current time:2023-09-03 20:55:59.135411908 +0700 WIB m=+0.041646116
{"timestamp":"2023-09-03T13:56:09Z","message":"request: {Email:indria@yopmail.com Password:admin}","severity":"INFO","context":{"data":{"platform":null,"platformType":null,"requestId":null,"version":null}}}
current time:2023-09-03 20:57:26.267870068 +0700 WIB m=+0.007308381
current time:2023-09-03 21:04:43.21836984 +0700 WIB m=+0.006868920
