current time:2023-12-22 08:07:22.080717179 +0700 WIB m=+0.022901372
current time:2023-12-22 08:09:22.842585653 +0700 WIB m=+0.008060477
{"timestamp":"2023-12-22T01:09:31Z","message":"request: {Email:indria@yopmail.com Password:admin}","severity":"INFO","context":{"data":{"requestId":"606784bf-efed-4388-94e1-9e6227e18c2b"}}}
{"timestamp":"2023-12-22T01:09:57Z","message":"HTTP request, POST /api/purchase","severity":"INFO","context":{"data":{"entity.guid":"","entity.name":"","entity.type":"","hostname":"","latency":"145.106µs","platform":"","platformType":"","requestId":"8893b11d-4a8d-4dbe-8ca5-f5f547f5b90b","requestMethod":"POST","resource":"/api/purchase","span.id":"","status":500,"trace.id":"","userAgent":"vscode-restclient","version":"","xForwardedFor":""}}}
{"timestamp":"2023-12-22T01:10:01Z","message":"HTTP request, POST /api/purchase","severity":"INFO","context":{"data":{"entity.guid":"","entity.name":"","entity.type":"","hostname":"","latency":"107.118µs","platform":"","platformType":"","requestId":"7af92135-02fa-4d48-a9c7-2d75a7041238","requestMethod":"POST","resource":"/api/purchase","span.id":"","status":500,"trace.id":"","userAgent":"vscode-restclient","version":"","xForwardedFor":""}}}
{"timestamp":"2023-12-22T01:10:15Z","message":"HTTP request, PUT /api/purchase/1","severity":"INFO","context":{"data":{"entity.guid":"","entity.name":"","entity.type":"","hostname":"","latency":"115.339µs","platform":"","platformType":"","requestId":"b7734d74-155a-4553-92c4-962827720444","requestMethod":"PUT","resource":"/api/purchase/1","span.id":"","status":500,"trace.id":"","userAgent":"vscode-restclient","version":"","xForwardedFor":""}}}
{"timestamp":"2023-12-22T01:10:32Z","message":"Successfully get finishing factory","severity":"INFO","context":{"data":{"requestId":"838d91a6-b0fe-4da5-960a-74abdbb20c04"}}}
{"timestamp":"2023-12-22T01:10:34Z","message":"Successfully get production factory","severity":"INFO","context":{"data":{"requestId":"0d39d641-0627-46b8-9923-57cf3b1e06d3"}}}
{"timestamp":"2023-12-22T01:10:42Z","message":"Successfully get production factory","severity":"INFO","context":{"data":{"requestId":"e1b36f7d-f18e-4d28-850b-f1b61213c052"}}}
{"timestamp":"2023-12-22T01:10:46Z","message":"HTTP request, POST /api/purchase","severity":"INFO","context":{"data":{"entity.guid":"","entity.name":"","entity.type":"","hostname":"","latency":"94.287µs","platform":"","platformType":"","requestId":"f94c7cd1-8a0e-47d2-90ec-be41eddb9d8e","requestMethod":"POST","resource":"/api/purchase","span.id":"","status":500,"trace.id":"","userAgent":"vscode-restclient","version":"","xForwardedFor":""}}}
{"timestamp":"2023-12-22T01:15:44Z","message":"request: {Email:indria@yopmail.com Password:admin}","severity":"INFO","context":{"data":{"requestId":"145f2fab-30fc-48e9-ab33-53097b79e100"}}}
current time:2024-01-09 10:02:46.330567147 +0700 WIB m=+0.022077245
current time:2024-11-23 12:25:37.268510039 +0700 WIB m=+0.011945475
{"timestamp":"2024-11-23T05:25:49Z","message":"request: {Email:indria@yopmail.com Password:admin}","severity":"INFO","context":{"data":{"requestId":"fefa1839-1c70-46d5-a222-e88079687be2"}}}
{"timestamp":"2024-11-23T05:26:04Z","serviceContext":{},"message":"An error occurred while getting the purchase order data: empty result","severity":"ERROR","context":{"data":{"requestId":"2cb3e71b-565f-4940-a63e-ee1b386f9407"},"reportLocation":{"filePath":"github.com/mochammadshenna/aplikasi-po/internal/util/logger/logger.go","lineNumber":207,"functionName":"Errorf"}}}
{"timestamp":"2024-11-23T05:26:17Z","serviceContext":{},"message":"An error occurred while getting the purchase order by ID: 1 with error: PO is not found","severity":"ERROR","context":{"data":{"requestId":"7bebb286-80bb-4204-a982-d0a23cd99268"},"reportLocation":{"filePath":"github.com/mochammadshenna/aplikasi-po/internal/util/logger/logger.go","lineNumber":207,"functionName":"Errorf"}}}
{"timestamp":"2024-11-23T05:26:19Z","message":"HTTP request, POST /api/purchase","severity":"INFO","context":{"data":{"entity.guid":"","entity.name":"","entity.type":"","hostname":"","latency":"157.722µs","platform":"","platformType":"","requestId":"9c8c4df4-3cd4-44ba-9df8-b86605fcae8d","requestMethod":"POST","resource":"/api/purchase","span.id":"","status":500,"trace.id":"","userAgent":"vscode-restclient","version":"","xForwardedFor":""}}}
{"timestamp":"2024-11-23T05:26:20Z","message":"HTTP request, PUT /api/purchase/1","severity":"INFO","context":{"data":{"entity.guid":"","entity.name":"","entity.type":"","hostname":"","latency":"124.178µs","platform":"","platformType":"","requestId":"4e8bd3a1-96b7-4fda-9f0f-1a85971dbdd5","requestMethod":"PUT","resource":"/api/purchase/1","span.id":"","status":500,"trace.id":"","userAgent":"vscode-restclient","version":"","xForwardedFor":""}}}
{"timestamp":"2024-11-23T05:26:22Z","message":"HTTP request, POST /api/purchase","severity":"INFO","context":{"data":{"entity.guid":"","entity.name":"","entity.type":"","hostname":"","latency":"132.023µs","platform":"","platformType":"","requestId":"ed0b78c2-c827-42ad-a175-7bcd3735e09e","requestMethod":"POST","resource":"/api/purchase","span.id":"","status":500,"trace.id":"","userAgent":"vscode-restclient","version":"","xForwardedFor":""}}}
{"timestamp":"2024-11-23T05:26:24Z","message":"HTTP request, PUT /api/purchase/1","severity":"INFO","context":{"data":{"entity.guid":"","entity.name":"","entity.type":"","hostname":"","latency":"133.416µs","platform":"","platformType":"","requestId":"234e6f80-b6bf-4876-94a2-0934b540b717","requestMethod":"PUT","resource":"/api/purchase/1","span.id":"","status":500,"trace.id":"","userAgent":"vscode-restclient","version":"","xForwardedFor":""}}}
{"timestamp":"2024-11-23T05:26:30Z","serviceContext":{},"message":"An error occurred while getting the purchase order data: empty result","severity":"ERROR","context":{"data":{"requestId":"b1d105df-ab98-4cf1-ae5c-39619b94f51d"},"reportLocation":{"filePath":"github.com/mochammadshenna/aplikasi-po/internal/util/logger/logger.go","lineNumber":207,"functionName":"Errorf"}}}
{"timestamp":"2024-11-23T05:26:33Z","serviceContext":{},"message":"An error occurred while getting the purchase order by ID: 1 with error: PO is not found","severity":"ERROR","context":{"data":{"requestId":"808e2bd7-fd5e-4266-8b32-16843b5c53f3"},"reportLocation":{"filePath":"github.com/mochammadshenna/aplikasi-po/internal/util/logger/logger.go","lineNumber":207,"functionName":"Errorf"}}}
{"timestamp":"2024-11-23T05:26:35Z","message":"HTTP request, POST /api/purchase","severity":"INFO","context":{"data":{"entity.guid":"","entity.name":"","entity.type":"","hostname":"","latency":"143.873µs","platform":"","platformType":"","requestId":"6f2e2e5a-b991-4cd9-a6b4-1dec31daddf6","requestMethod":"POST","resource":"/api/purchase","span.id":"","status":500,"trace.id":"","userAgent":"vscode-restclient","version":"","xForwardedFor":""}}}
{"timestamp":"2024-11-23T05:26:47Z","message":"Successfully get production factory","severity":"INFO","context":{"data":{"requestId":"e2210046-7c7a-475f-b0f8-190c11c68184"}}}
{"timestamp":"2024-11-23T05:26:49Z","serviceContext":{},"message":"An error occurred while delete the purchase order, error:PO is not found","severity":"ERROR","context":{"data":{"requestId":"f65b5029-170f-49d5-a870-3ce476a2b5a4"},"reportLocation":{"filePath":"github.com/mochammadshenna/aplikasi-po/internal/util/logger/logger.go","lineNumber":207,"functionName":"Errorf"}}}
{"timestamp":"2024-11-23T05:26:51Z","message":"Successfully get finishing factory","severity":"INFO","context":{"data":{"requestId":"c89a9544-64ad-486f-a67f-cd4786cd0f53"}}}
current time:2024-11-23 12:52:38.315501132 +0700 WIB m=+0.024774472
